[01/Jun/2022:00:36:57] (I): WordPress Instance Info:
[01/Jun/2022:00:36:57] (I): Home URL : http://localhost/wordpress
[01/Jun/2022:00:36:57] (I): Site URL : http://localhost/wordpress
[01/Jun/2022:00:36:57] (I): WordPress Version : 6.0
[01/Jun/2022:00:36:57] (I): Onboarding Version : 1.1.22
[01/Jun/2022:00:36:57] (I): Multisite : No
[01/Jun/2022:00:36:57] (I): Server Info : Apache
[01/Jun/2022:00:36:57] (I): PHP Version : 8.0.19
[01/Jun/2022:00:36:57] (I): HTTPS : No
[01/Jun/2022:00:36:57] (I): PHP Max Execution Time : 120
[01/Jun/2022:00:36:57] (I): PHP Max Input Vars : 1000
[01/Jun/2022:00:36:57] (I): Max Upload Size : 41943040
[01/Jun/2022:00:36:57] (I): Plugins:
[01/Jun/2022:00:36:57] (I): [PLUGIN] Gutenberg Blocks and Template Library by Otter : v2.0.5 (ThemeIsle)
[01/Jun/2022:00:36:57] (I): [PLUGIN] Templates Patterns Collection : v1.1.22 (ThemeIsle)
[01/Jun/2022:00:36:57] (P): Saving remote XML
[01/Jun/2022:00:36:57] (S): Saved remote XML at path C:\Users\guyab\WordPressLocal\apps\wordpress\htdocs/wp-content/uploads/themeisle-demo-import.xml.
[01/Jun/2022:00:36:57] (P): Starting content import...
[01/Jun/2022:00:36:57] (S): Import started.
[01/Jun/2022:00:36:57] (S): Parsing XML file.
[01/Jun/2022:00:36:57] (P): Starting parsing file:C:\Users\guyab\WordPressLocal\apps\wordpress\htdocs/wp-content/uploads/themeisle-demo-import.xml
[01/Jun/2022:00:36:57] (P): Using WXR_Parser_SimpleXML...
[01/Jun/2022:00:36:57] (S): Parsed XML
[01/Jun/2022:00:36:57] (P): Processing categories...
[01/Jun/2022:00:36:57] (S): Processed categories.
[01/Jun/2022:00:36:57] (P): Processing tags...
[01/Jun/2022:00:36:57] (S): No tags to process.
[01/Jun/2022:00:36:57] (P): Processing terms...
[01/Jun/2022:00:36:57] (W): Failed to import elementor_library_type page
[01/Jun/2022:00:36:57] (E): Invalid taxonomy.
[01/Jun/2022:00:36:57] (W): Failed to import elementor_library_type section
[01/Jun/2022:00:36:57] (E): Invalid taxonomy.
[01/Jun/2022:00:36:57] (S): Processed terms.
[01/Jun/2022:00:36:57] (P): Processing posts...
[01/Jun/2022:00:36:57] (P): Processing single menu item ' Focus '...
[01/Jun/2022:00:36:57] (S): Processed single menu item.
[01/Jun/2022:00:36:57] (P): Processing single menu item ' About '...
[01/Jun/2022:00:36:57] (S): Processed single menu item.
[01/Jun/2022:00:36:57] (P): Processing single menu item ' Team '...
[01/Jun/2022:00:36:57] (S): Processed single menu item.
[01/Jun/2022:00:36:57] (P): Processing single menu item ' Testimonials '...
[01/Jun/2022:00:36:57] (S): Processed single menu item.
[01/Jun/2022:00:36:57] (P): Processing single menu item ' Contact '...
[01/Jun/2022:00:36:58] (S): Processed single menu item.
[01/Jun/2022:00:36:58] (P): Processing attachment: https://s33834.pcdn.co/zelle-gb/wp-content/uploads/sites/449/2019/02/zelle-expert1.jpg...
[01/Jun/2022:00:36:58] (P): Fetching attachment from url: https://s33834.pcdn.co/zelle-gb/wp-content/uploads/sites/449/2019/02/zelle-expert1.jpg...
[01/Jun/2022:00:36:59] (S): Fetched remote attachment.
[01/Jun/2022:00:36:59] (P): Inserting attachment...
[01/Jun/2022:00:36:59] (S): Attachment inserted
[01/Jun/2022:00:36:59] (S): Processed attachment.
[01/Jun/2022:00:36:59] (P): Processing attachment: https://s33834.pcdn.co/zelle-gb/wp-content/uploads/sites/449/2019/02/zelle-expert2.jpg...
[01/Jun/2022:00:36:59] (P): Fetching attachment from url: https://s33834.pcdn.co/zelle-gb/wp-content/uploads/sites/449/2019/02/zelle-expert2.jpg...
[01/Jun/2022:00:37:00] (S): Fetched remote attachment.
[01/Jun/2022:00:37:00] (P): Inserting attachment...
[01/Jun/2022:00:37:00] (S): Attachment inserted
[01/Jun/2022:00:37:00] (S): Processed attachment.
[01/Jun/2022:00:37:00] (P): Processing attachment: https://s33834.pcdn.co/zelle-gb/wp-content/uploads/sites/449/2019/02/zelle-expert3.jpg...
[01/Jun/2022:00:37:00] (P): Fetching attachment from url: https://s33834.pcdn.co/zelle-gb/wp-content/uploads/sites/449/2019/02/zelle-expert3.jpg...
[01/Jun/2022:00:37:01] (S): Fetched remote attachment.
[01/Jun/2022:00:37:01] (P): Inserting attachment...
[01/Jun/2022:00:37:01] (S): Attachment inserted
[01/Jun/2022:00:37:01] (S): Processed attachment.
[01/Jun/2022:00:37:01] (P): Processing attachment: https://s33834.pcdn.co/zelle-gb/wp-content/uploads/sites/449/2019/02/zelle-ny1-1.jpg...
[01/Jun/2022:00:37:01] (P): Fetching attachment from url: https://s33834.pcdn.co/zelle-gb/wp-content/uploads/sites/449/2019/02/zelle-ny1-1.jpg...
[01/Jun/2022:00:37:02] (S): Fetched remote attachment.
[01/Jun/2022:00:37:02] (P): Inserting attachment...
[01/Jun/2022:00:37:02] (S): Attachment inserted
[01/Jun/2022:00:37:02] (S): Processed attachment.
[01/Jun/2022:00:37:02] (P): Processing attachment: https://s33834.pcdn.co/zelle-gb/wp-content/uploads/sites/449/2019/02/zelle-safari1-1.jpg...
[01/Jun/2022:00:37:02] (P): Fetching attachment from url: https://s33834.pcdn.co/zelle-gb/wp-content/uploads/sites/449/2019/02/zelle-safari1-1.jpg...
[01/Jun/2022:00:37:02] (S): Fetched remote attachment.
[01/Jun/2022:00:37:02] (P): Inserting attachment...
[01/Jun/2022:00:37:02] (S): Attachment inserted
[01/Jun/2022:00:37:03] (S): Processed attachment.
[01/Jun/2022:00:37:03] (P): Processing attachment: https://s33834.pcdn.co/zelle-gb/wp-content/uploads/sites/449/2019/02/zelle-camper1-1.jpg...
[01/Jun/2022:00:37:03] (P): Fetching attachment from url: https://s33834.pcdn.co/zelle-gb/wp-content/uploads/sites/449/2019/02/zelle-camper1-1.jpg...
[01/Jun/2022:00:37:04] (S): Fetched remote attachment.
[01/Jun/2022:00:37:04] (P): Inserting attachment...
[01/Jun/2022:00:37:04] (S): Attachment inserted
[01/Jun/2022:00:37:04] (S): Processed attachment.
[01/Jun/2022:00:37:04] (P): Processing attachment: https://s33834.pcdn.co/zelle-gb/wp-content/uploads/sites/449/2019/02/zelle-asia1-1.jpg...
[01/Jun/2022:00:37:04] (P): Fetching attachment from url: https://s33834.pcdn.co/zelle-gb/wp-content/uploads/sites/449/2019/02/zelle-asia1-1.jpg...
[01/Jun/2022:00:37:05] (S): Fetched remote attachment.
[01/Jun/2022:00:37:05] (P): Inserting attachment...
[01/Jun/2022:00:37:05] (S): Attachment inserted
[01/Jun/2022:00:37:05] (S): Processed attachment.
[01/Jun/2022:00:37:05] (P): Processing attachment: https://s33834.pcdn.co/zelle-gb/wp-content/uploads/sites/449/2019/02/zelle-india1-1.jpg...
[01/Jun/2022:00:37:05] (P): Fetching attachment from url: https://s33834.pcdn.co/zelle-gb/wp-content/uploads/sites/449/2019/02/zelle-india1-1.jpg...
[01/Jun/2022:00:37:06] (S): Fetched remote attachment.
[01/Jun/2022:00:37:06] (P): Inserting attachment...
[01/Jun/2022:00:37:06] (S): Attachment inserted
[01/Jun/2022:00:37:06] (S): Processed attachment.
[01/Jun/2022:00:37:06] (P): Processing attachment: https://s33834.pcdn.co/zelle-gb/wp-content/uploads/sites/449/2019/02/zelle-cambodgia1-1.jpg...
[01/Jun/2022:00:37:06] (P): Fetching attachment from url: https://s33834.pcdn.co/zelle-gb/wp-content/uploads/sites/449/2019/02/zelle-cambodgia1-1.jpg...
[01/Jun/2022:00:37:07] (S): Fetched remote attachment.
[01/Jun/2022:00:37:07] (P): Inserting attachment...
[01/Jun/2022:00:37:07] (S): Attachment inserted
[01/Jun/2022:00:37:07] (S): Processed attachment.
[01/Jun/2022:00:37:07] (P): Processing attachment: https://s33834.pcdn.co/zelle-gb/wp-content/uploads/sites/449/2019/03/neve-zelle-hero-image-1.jpg...
[01/Jun/2022:00:37:07] (P): Fetching attachment from url: https://s33834.pcdn.co/zelle-gb/wp-content/uploads/sites/449/2019/03/neve-zelle-hero-image-1.jpg...
[01/Jun/2022:00:37:08] (S): Fetched remote attachment.
[01/Jun/2022:00:37:08] (P): Inserting attachment...
[01/Jun/2022:00:37:08] (S): Attachment inserted
[01/Jun/2022:00:37:08] (S): Processed attachment.
[01/Jun/2022:00:37:08] (P): Inserting page: Home .
[01/Jun/2022:00:37:08] (S): Done inserting page: Home .
[01/Jun/2022:00:37:08] (P): Inserting custom_css: neve .
[01/Jun/2022:00:37:08] (S): Done inserting custom_css: neve .
[01/Jun/2022:00:37:08] (P): Processing attachment: https://s33834.pcdn.co/zelle-gb/wp-content/uploads/sites/449/2020/02/map.png...
[01/Jun/2022:00:37:08] (P): Fetching attachment from url: https://s33834.pcdn.co/zelle-gb/wp-content/uploads/sites/449/2020/02/map.png...
[01/Jun/2022:00:37:09] (S): Fetched remote attachment.
[01/Jun/2022:00:37:09] (P): Inserting attachment...
[01/Jun/2022:00:37:09] (S): Attachment inserted
[01/Jun/2022:00:37:09] (S): Processed attachment.
[01/Jun/2022:00:37:09] (P): Processing attachment: https://s33834.pcdn.co/zelle-gb/wp-content/uploads/sites/449/2020/02/Capture.png...
[01/Jun/2022:00:37:09] (P): Fetching attachment from url: https://s33834.pcdn.co/zelle-gb/wp-content/uploads/sites/449/2020/02/Capture.png...
[01/Jun/2022:00:37:11] (S): Fetched remote attachment.
[01/Jun/2022:00:37:11] (P): Inserting attachment...
[01/Jun/2022:00:37:11] (S): Attachment inserted
[01/Jun/2022:00:37:11] (S): Processed attachment.
[01/Jun/2022:00:37:11] (P): Processing single menu item ' '...
[01/Jun/2022:00:37:11] (P): Inserting post: New York as low as 399,99€ .
[01/Jun/2022:00:37:11] (S): Done inserting post: New York as low as 399,99€ .
[01/Jun/2022:00:37:11] (P): Inserting post: Cambodgia as low as 799,90€ .
[01/Jun/2022:00:37:11] (S): Done inserting post: Cambodgia as low as 799,90€ .
[01/Jun/2022:00:37:11] (P): Inserting post: India by train as low as 549,99€ .
[01/Jun/2022:00:37:11] (S): Done inserting post: India by train as low as 549,99€ .
[01/Jun/2022:00:37:11] (P): Inserting post: Beautiful itinerary in Asia .
[01/Jun/2022:00:37:11] (S): Done inserting post: Beautiful itinerary in Asia .
[01/Jun/2022:00:37:11] (P): Inserting post: 3 circuits with a Camper Van .
[01/Jun/2022:00:37:11] (S): Done inserting post: 3 circuits with a Camper Van .
[01/Jun/2022:00:37:11] (P): Inserting post: The 3 Safaris you must experience .
[01/Jun/2022:00:37:11] (S): Done inserting post: The 3 Safaris you must experience .
[01/Jun/2022:00:37:11] (P): Inserting wp_block: Heading with text .
[01/Jun/2022:00:37:11] (S): Done inserting wp_block: Heading with text .
[01/Jun/2022:00:37:11] (P): Inserting wp_block: Services .
[01/Jun/2022:00:37:11] (S): Done inserting wp_block: Services .
[01/Jun/2022:00:37:11] (P): Inserting page: Blog .
[01/Jun/2022:00:37:11] (S): Done inserting page: Blog .
[01/Jun/2022:00:37:11] (S): Processed posts.
[01/Jun/2022:00:37:11] (P): Processing single menu item ' '...
[01/Jun/2022:00:37:11] (S): Processed single menu item.
[01/Jun/2022:00:37:11] (P): Cleaning up import with id ...
[01/Jun/2022:00:37:11] (P): Done cleanup. Flushing cache...
[01/Jun/2022:00:37:11] (P): Flushed cache. Removing temporary data..
[01/Jun/2022:00:37:11] (S): Done importing
[01/Jun/2022:00:37:11] (P): Busting elementor cache
[01/Jun/2022:00:37:11] (S): Front page set up with id: 143.
